{"/home/runner/work/vscode-c-cpp-flylint/vscode-c-cpp-flylint/server/src/server.ts": {"path":"/home/runner/work/vscode-c-cpp-flylint/vscode-c-cpp-flylint/server/src/server.ts","statementMap":{"0":{"start":{"line":5,"column":0},"end":{"line":5,"column":null}},"1":{"start":{"line":19,"column":0},"end":{"line":19,"column":null}},"2":{"start":{"line":23,"column":0},"end":{"line":23,"column":33}},"3":{"start":{"line":24,"column":0},"end":{"line":24,"column":25}},"4":{"start":{"line":25,"column":0},"end":{"line":25,"column":29}},"5":{"start":{"line":26,"column":0},"end":{"line":26,"column":27}},"6":{"start":{"line":27,"column":0},"end":{"line":27,"column":28}},"7":{"start":{"line":28,"column":0},"end":{"line":28,"column":34}},"8":{"start":{"line":30,"column":0},"end":{"line":30,"column":91}},"9":{"start":{"line":31,"column":0},"end":{"line":31,"column":66}},"10":{"start":{"line":32,"column":0},"end":{"line":32,"column":58}},"11":{"start":{"line":34,"column":0},"end":{"line":34,"column":40}},"12":{"start":{"line":35,"column":0},"end":{"line":35,"column":46}},"13":{"start":{"line":36,"column":0},"end":{"line":36,"column":50}},"14":{"start":{"line":37,"column":0},"end":{"line":37,"column":48}},"15":{"start":{"line":38,"column":0},"end":{"line":38,"column":50}},"16":{"start":{"line":39,"column":0},"end":{"line":39,"column":42}},"17":{"start":{"line":41,"column":20},"end":{"line":41,"column":36}},"18":{"start":{"line":42,"column":14},"end":{"line":42,"column":48}},"19":{"start":{"line":45,"column":13},"end":{"line":45,"column":42}},"20":{"start":{"line":48,"column":13},"end":{"line":48,"column":45}},"21":{"start":{"line":50,"column":28},"end":{"line":50,"column":72}},"22":{"start":{"line":53,"column":31},"end":{"line":53,"column":109}},"23":{"start":{"line":56,"column":45},"end":{"line":56,"column":76}},"24":{"start":{"line":59,"column":33},"end":{"line":59,"column":38}},"25":{"start":{"line":62,"column":20},"end":{"line":62,"column":24}},"26":{"start":{"line":68,"column":56},"end":{"line":68,"column":65}},"27":{"start":{"line":71,"column":55},"end":{"line":71,"column":64}},"28":{"start":{"line":74,"column":44},"end":{"line":74,"column":53}},"29":{"start":{"line":78,"column":0},"end":{"line":78,"column":null}},"30":{"start":{"line":79,"column":17},"end":{"line":79,"column":87}},"31":{"start":{"line":80,"column":17},"end":{"line":80,"column":77}},"32":{"start":{"line":133,"column":15},"end":{"line":133,"column":20}},"33":{"start":{"line":248,"column":0},"end":{"line":248,"column":22}},"34":{"start":{"line":409,"column":0},"end":{"line":409,"column":65}},"35":{"start":{"line":765,"column":0},"end":{"line":765,"column":29}},"36":{"start":{"line":768,"column":0},"end":{"line":768,"column":20}}},"fnMap":{"0":{"name":"(anonymous_7)","decl":{"start":{"line":78,"column":0},"end":{"line":78,"column":10}},"loc":{"start":{"line":78,"column":20},"end":{"line":81,"column":1}}}},"branchMap":{"0":{"loc":{"start":{"line":42,"column":14},"end":{"line":42,"column":48}},"type":"binary-expr","locations":[{"start":{"line":42,"column":14},"end":{"line":42,"column":33}},{"start":{"line":42,"column":37},"end":{"line":42,"column":48}}]},"1":{"loc":{"start":{"line":78,"column":10},"end":{"line":78,"column":null}},"type":"binary-expr","locations":[{"start":{"line":78,"column":10},"end":{"line":78,"column":20}},{"start":{"line":78,"column":10},"end":{"line":78,"column":null}}]}},"s":{"0":7,"1":7,"2":7,"3":7,"4":7,"5":7,"6":7,"7":7,"8":7,"9":7,"10":7,"11":7,"12":7,"13":7,"14":7,"15":7,"16":7,"17":7,"18":7,"19":7,"20":7,"21":7,"22":7,"23":7,"24":7,"25":7,"26":7,"27":7,"28":7,"29":7,"30":7,"31":7,"32":7,"33":7,"34":7,"35":7,"36":7},"f":{"0":7},"b":{"0":[7,7],"1":[7,7]}}
,"/home/runner/work/vscode-c-cpp-flylint/vscode-c-cpp-flylint/server/src/settings.ts": {"path":"/home/runner/work/vscode-c-cpp-flylint/vscode-c-cpp-flylint/server/src/settings.ts","statementMap":{"0":{"start":{"line":5,"column":0},"end":{"line":5,"column":28}},"1":{"start":{"line":6,"column":0},"end":{"line":6,"column":25}},"2":{"start":{"line":7,"column":0},"end":{"line":7,"column":64}},"3":{"start":{"line":20,"column":0},"end":{"line":20,"column":16}},"4":{"start":{"line":32,"column":0},"end":{"line":32,"column":null}},"5":{"start":{"line":34,"column":20},"end":{"line":51,"column":null}}},"fnMap":{"0":{"name":"(anonymous_0)","decl":{"start":{"line":32,"column":0},"end":{"line":32,"column":17}},"loc":{"start":{"line":32,"column":38},"end":{"line":52,"column":1}}}},"branchMap":{"0":{"loc":{"start":{"line":32,"column":17},"end":{"line":32,"column":null}},"type":"binary-expr","locations":[{"start":{"line":32,"column":17},"end":{"line":32,"column":38}},{"start":{"line":32,"column":17},"end":{"line":32,"column":null}}]}},"s":{"0":8,"1":8,"2":8,"3":8,"4":8,"5":8},"f":{"0":8},"b":{"0":[8,8]}}
,"/home/runner/work/vscode-c-cpp-flylint/vscode-c-cpp-flylint/server/src/linters/clang.ts": {"path":"/home/runner/work/vscode-c-cpp-flylint/vscode-c-cpp-flylint/server/src/linters/clang.ts","statementMap":{"0":{"start":{"line":5,"column":0},"end":{"line":5,"column":29}},"1":{"start":{"line":6,"column":0},"end":{"line":6,"column":81}},"2":{"start":{"line":7,"column":0},"end":{"line":7,"column":40}},"3":{"start":{"line":9,"column":0},"end":{"line":9,"column":43}},"4":{"start":{"line":10,"column":0},"end":{"line":10,"column":64}},"5":{"start":{"line":17,"column":8},"end":{"line":17,"column":55}},"6":{"start":{"line":13,"column":12},"end":{"line":13,"column":40}},"7":{"start":{"line":14,"column":12},"end":{"line":14,"column":37}},"8":{"start":{"line":18,"column":8},"end":{"line":18,"column":44}},"9":{"start":{"line":20,"column":8},"end":{"line":20,"column":52}},"10":{"start":{"line":21,"column":8},"end":{"line":21,"column":52}},"11":{"start":{"line":22,"column":8},"end":{"line":22,"column":59}},"12":{"start":{"line":31,"column":32},"end":{"line":31,"column":59}},"13":{"start":{"line":32,"column":28},"end":{"line":32,"column":51}},"14":{"start":{"line":35,"column":8},"end":{"line":44,"column":null}},"15":{"start":{"line":36,"column":12},"end":{"line":41,"column":14}},"16":{"start":{"line":43,"column":12},"end":{"line":43,"column":30}},"17":{"start":{"line":46,"column":29},"end":{"line":46,"column":53}},"18":{"start":{"line":47,"column":27},"end":{"line":48,"column":36}},"19":{"start":{"line":49,"column":27},"end":{"line":50,"column":36}},"20":{"start":{"line":51,"column":21},"end":{"line":52,"column":30}},"21":{"start":{"line":53,"column":21},"end":{"line":54,"column":29}},"22":{"start":{"line":55,"column":31},"end":{"line":59,"column":17}},"23":{"start":{"line":60,"column":29},"end":{"line":64,"column":17}},"24":{"start":{"line":65,"column":29},"end":{"line":69,"column":29}},"25":{"start":{"line":70,"column":32},"end":{"line":74,"column":17}},"26":{"start":{"line":75,"column":27},"end":{"line":79,"column":17}},"27":{"start":{"line":80,"column":29},"end":{"line":84,"column":17}},"28":{"start":{"line":86,"column":19},"end":{"line":109,"column":104}},"29":{"start":{"line":109,"column":67},"end":{"line":109,"column":102}},"30":{"start":{"line":111,"column":8},"end":{"line":115,"column":null}},"31":{"start":{"line":112,"column":12},"end":{"line":112,"column":44}},"32":{"start":{"line":114,"column":12},"end":{"line":114,"column":41}},"33":{"start":{"line":117,"column":8},"end":{"line":117,"column":39}},"34":{"start":{"line":118,"column":8},"end":{"line":118,"column":39}},"35":{"start":{"line":120,"column":8},"end":{"line":120,"column":20}},"36":{"start":{"line":124,"column":20},"end":{"line":124,"column":94}},"37":{"start":{"line":127,"column":8},"end":{"line":130,"column":null}},"38":{"start":{"line":129,"column":12},"end":{"line":129,"column":24}},"39":{"start":{"line":132,"column":27},"end":{"line":132,"column":176}},"40":{"start":{"line":133,"column":8},"end":{"line":136,"column":null}},"41":{"start":{"line":135,"column":12},"end":{"line":135,"column":24}},"42":{"start":{"line":139,"column":26},"end":{"line":139,"column":67}},"43":{"start":{"line":141,"column":8},"end":{"line":151,"column":null}},"44":{"start":{"line":142,"column":12},"end":{"line":150,"column":14}},"45":{"start":{"line":153,"column":8},"end":{"line":174,"column":null}},"46":{"start":{"line":154,"column":12},"end":{"line":162,"column":14}},"47":{"start":{"line":164,"column":12},"end":{"line":173,"column":14}},"48":{"start":{"line":178,"column":21},"end":{"line":178,"column":92}},"49":{"start":{"line":179,"column":8},"end":{"line":179,"column":50}},"50":{"start":{"line":183,"column":31},"end":{"line":183,"column":33}},"51":{"start":{"line":185,"column":8},"end":{"line":187,"column":null}},"52":{"start":{"line":186,"column":12},"end":{"line":186,"column":37}},"53":{"start":{"line":189,"column":8},"end":{"line":191,"column":null}},"54":{"start":{"line":190,"column":12},"end":{"line":190,"column":44}},"55":{"start":{"line":193,"column":8},"end":{"line":193,"column":22}},"56":{"start":{"line":197,"column":23},"end":{"line":197,"column":36}},"57":{"start":{"line":198,"column":31},"end":{"line":198,"column":33}},"58":{"start":{"line":200,"column":8},"end":{"line":203,"column":null}},"59":{"start":{"line":201,"column":12},"end":{"line":201,"column":30}},"60":{"start":{"line":202,"column":12},"end":{"line":202,"column":39}},"61":{"start":{"line":205,"column":8},"end":{"line":205,"column":22}},"62":{"start":{"line":12,"column":0},"end":{"line":12,"column":13}}},"fnMap":{"0":{"name":"(anonymous_0)","decl":{"start":{"line":16,"column":4},"end":{"line":16,"column":16}},"loc":{"start":{"line":16,"column":57},"end":{"line":23,"column":5}}},"1":{"name":"(anonymous_1)","decl":{"start":{"line":30,"column":14},"end":{"line":30,"column":30}},"loc":{"start":{"line":30,"column":68},"end":{"line":121,"column":5}}},"2":{"name":"(anonymous_2)","decl":{"start":{"line":109,"column":62},"end":{"line":109,"column":63}},"loc":{"start":{"line":109,"column":67},"end":{"line":109,"column":102}}},"3":{"name":"(anonymous_3)","decl":{"start":{"line":123,"column":14},"end":{"line":123,"column":23}},"loc":{"start":{"line":123,"column":36},"end":{"line":175,"column":5}}},"4":{"name":"(anonymous_4)","decl":{"start":{"line":177,"column":12},"end":{"line":177,"column":27}},"loc":{"start":{"line":177,"column":44},"end":{"line":180,"column":5}}},"5":{"name":"(anonymous_5)","decl":{"start":{"line":182,"column":12},"end":{"line":182,"column":29}},"loc":{"start":{"line":182,"column":29},"end":{"line":194,"column":5}}},"6":{"name":"(anonymous_6)","decl":{"start":{"line":196,"column":12},"end":{"line":196,"column":28}},"loc":{"start":{"line":196,"column":28},"end":{"line":206,"column":5}}}},"branchMap":{"0":{"loc":{"start":{"line":35,"column":8},"end":{"line":44,"column":null}},"type":"if","locations":[{"start":{"line":35,"column":8},"end":{"line":44,"column":null}},{"start":{"line":42,"column":15},"end":{"line":44,"column":null}}]},"1":{"loc":{"start":{"line":47,"column":27},"end":{"line":48,"column":36}},"type":"cond-expr","locations":[{"start":{"line":48,"column":12},"end":{"line":48,"column":31}},{"start":{"line":48,"column":34},"end":{"line":48,"column":36}}]},"2":{"loc":{"start":{"line":49,"column":27},"end":{"line":50,"column":36}},"type":"cond-expr","locations":[{"start":{"line":50,"column":12},"end":{"line":50,"column":31}},{"start":{"line":50,"column":34},"end":{"line":50,"column":36}}]},"3":{"loc":{"start":{"line":51,"column":21},"end":{"line":52,"column":30}},"type":"cond-expr","locations":[{"start":{"line":52,"column":12},"end":{"line":52,"column":25}},{"start":{"line":52,"column":28},"end":{"line":52,"column":30}}]},"4":{"loc":{"start":{"line":53,"column":21},"end":{"line":54,"column":29}},"type":"cond-expr","locations":[{"start":{"line":54,"column":12},"end":{"line":54,"column":24}},{"start":{"line":54,"column":27},"end":{"line":54,"column":29}}]},"5":{"loc":{"start":{"line":109,"column":21},"end":{"line":109,"column":56}},"type":"binary-expr","locations":[{"start":{"line":109,"column":21},"end":{"line":109,"column":50}},{"start":{"line":109,"column":54},"end":{"line":109,"column":56}}]},"6":{"loc":{"start":{"line":109,"column":67},"end":{"line":109,"column":102}},"type":"binary-expr","locations":[{"start":{"line":109,"column":67},"end":{"line":109,"column":97}},{"start":{"line":109,"column":101},"end":{"line":109,"column":102}}]},"7":{"loc":{"start":{"line":111,"column":8},"end":{"line":115,"column":null}},"type":"if","locations":[{"start":{"line":111,"column":8},"end":{"line":115,"column":null}},{"start":{"line":113,"column":15},"end":{"line":115,"column":null}}]},"8":{"loc":{"start":{"line":127,"column":8},"end":{"line":130,"column":null}},"type":"if","locations":[{"start":{"line":127,"column":8},"end":{"line":130,"column":null}}]},"9":{"loc":{"start":{"line":133,"column":8},"end":{"line":136,"column":null}},"type":"if","locations":[{"start":{"line":133,"column":8},"end":{"line":136,"column":null}}]},"10":{"loc":{"start":{"line":141,"column":8},"end":{"line":151,"column":null}},"type":"if","locations":[{"start":{"line":141,"column":8},"end":{"line":151,"column":null}}]},"11":{"loc":{"start":{"line":143,"column":27},"end":{"line":143,"column":101}},"type":"cond-expr","locations":[{"start":{"line":143,"column":65},"end":{"line":143,"column":84}},{"start":{"line":143,"column":87},"end":{"line":143,"column":101}}]},"12":{"loc":{"start":{"line":153,"column":8},"end":{"line":174,"column":null}},"type":"if","locations":[{"start":{"line":153,"column":8},"end":{"line":174,"column":null}},{"start":{"line":163,"column":15},"end":{"line":174,"column":null}}]},"13":{"loc":{"start":{"line":155,"column":27},"end":{"line":155,"column":99}},"type":"cond-expr","locations":[{"start":{"line":155,"column":64},"end":{"line":155,"column":83}},{"start":{"line":155,"column":86},"end":{"line":155,"column":99}}]},"14":{"loc":{"start":{"line":185,"column":8},"end":{"line":187,"column":null}},"type":"if","locations":[{"start":{"line":185,"column":8},"end":{"line":187,"column":null}}]},"15":{"loc":{"start":{"line":189,"column":8},"end":{"line":191,"column":null}},"type":"if","locations":[{"start":{"line":189,"column":8},"end":{"line":191,"column":null}}]},"16":{"loc":{"start":{"line":200,"column":8},"end":{"line":203,"column":null}},"type":"if","locations":[{"start":{"line":200,"column":8},"end":{"line":203,"column":null}}]}},"s":{"0":7,"1":7,"2":7,"3":7,"4":7,"5":8,"6":8,"7":8,"8":8,"9":8,"10":8,"11":8,"12":3,"13":3,"14":3,"15":0,"16":3,"17":3,"18":3,"19":3,"20":3,"21":3,"22":3,"23":3,"24":3,"25":3,"26":3,"27":3,"28":3,"29":0,"30":3,"31":0,"32":3,"33":3,"34":3,"35":3,"36":20,"37":20,"38":0,"39":20,"40":20,"41":1,"42":19,"43":19,"44":3,"45":16,"46":15,"47":1,"48":15,"49":15,"50":3,"51":3,"52":0,"53":3,"54":0,"55":3,"56":3,"57":3,"58":3,"59":3,"60":3,"61":3,"62":7},"f":{"0":8,"1":3,"2":0,"3":20,"4":15,"5":3,"6":3},"b":{"0":[0,3],"1":[0,3],"2":[3,0],"3":[3,0],"4":[3,0],"5":[3,3],"6":[0,0],"7":[0,3],"8":[0],"9":[1],"10":[3],"11":[0,3],"12":[15,1],"13":[0,15],"14":[0],"15":[0],"16":[3]}}
,"/home/runner/work/vscode-c-cpp-flylint/vscode-c-cpp-flylint/server/src/linters/cppcheck.ts": {"path":"/home/runner/work/vscode-c-cpp-flylint/vscode-c-cpp-flylint/server/src/linters/cppcheck.ts","statementMap":{"0":{"start":{"line":5,"column":0},"end":{"line":5,"column":28}},"1":{"start":{"line":6,"column":0},"end":{"line":6,"column":84}},"2":{"start":{"line":7,"column":0},"end":{"line":7,"column":34}},"3":{"start":{"line":9,"column":0},"end":{"line":9,"column":43}},"4":{"start":{"line":10,"column":0},"end":{"line":10,"column":64}},"5":{"start":{"line":14,"column":8},"end":{"line":14,"column":58}},"6":{"start":{"line":15,"column":8},"end":{"line":15,"column":47}},"7":{"start":{"line":17,"column":8},"end":{"line":17,"column":55}},"8":{"start":{"line":18,"column":8},"end":{"line":18,"column":55}},"9":{"start":{"line":19,"column":8},"end":{"line":19,"column":62}},"10":{"start":{"line":23,"column":27},"end":{"line":25,"column":76}},"11":{"start":{"line":26,"column":26},"end":{"line":26,"column":47}},"12":{"start":{"line":27,"column":28},"end":{"line":27,"column":55}},"13":{"start":{"line":28,"column":32},"end":{"line":28,"column":105}},"14":{"start":{"line":28,"column":69},"end":{"line":28,"column":104}},"15":{"start":{"line":29,"column":28},"end":{"line":29,"column":51}},"16":{"start":{"line":30,"column":29},"end":{"line":30,"column":53}},"17":{"start":{"line":31,"column":29},"end":{"line":35,"column":29}},"18":{"start":{"line":36,"column":27},"end":{"line":40,"column":17}},"19":{"start":{"line":41,"column":29},"end":{"line":45,"column":17}},"20":{"start":{"line":47,"column":19},"end":{"line":59,"column":107}},"21":{"start":{"line":50,"column":49},"end":{"line":50,"column":84}},"22":{"start":{"line":59,"column":70},"end":{"line":59,"column":105}},"23":{"start":{"line":62,"column":8},"end":{"line":64,"column":null}},"24":{"start":{"line":67,"column":8},"end":{"line":69,"column":null}},"25":{"start":{"line":72,"column":8},"end":{"line":74,"column":null}},"26":{"start":{"line":76,"column":8},"end":{"line":76,"column":37}},"27":{"start":{"line":78,"column":8},"end":{"line":78,"column":20}},"28":{"start":{"line":82,"column":20},"end":{"line":82,"column":127}},"29":{"start":{"line":85,"column":27},"end":{"line":85,"column":170}},"30":{"start":{"line":87,"column":8},"end":{"line":90,"column":null}},"31":{"start":{"line":89,"column":12},"end":{"line":89,"column":24}},"32":{"start":{"line":92,"column":8},"end":{"line":113,"column":null}},"33":{"start":{"line":93,"column":12},"end":{"line":101,"column":14}},"34":{"start":{"line":103,"column":12},"end":{"line":112,"column":14}},"35":{"start":{"line":117,"column":21},"end":{"line":117,"column":98}},"36":{"start":{"line":118,"column":8},"end":{"line":118,"column":50}},"37":{"start":{"line":122,"column":23},"end":{"line":122,"column":54}},"38":{"start":{"line":124,"column":8},"end":{"line":127,"column":null}},"39":{"start":{"line":125,"column":39},"end":{"line":125,"column":88}},"40":{"start":{"line":126,"column":12},"end":{"line":126,"column":56}},"41":{"start":{"line":129,"column":8},"end":{"line":129,"column":35}},"42":{"start":{"line":133,"column":27},"end":{"line":133,"column":62}},"43":{"start":{"line":134,"column":31},"end":{"line":134,"column":33}},"44":{"start":{"line":136,"column":8},"end":{"line":140,"column":null}},"45":{"start":{"line":137,"column":12},"end":{"line":139,"column":15}},"46":{"start":{"line":138,"column":16},"end":{"line":138,"column":53}},"47":{"start":{"line":142,"column":8},"end":{"line":142,"column":22}},"48":{"start":{"line":146,"column":23},"end":{"line":146,"column":36}},"49":{"start":{"line":147,"column":31},"end":{"line":147,"column":33}},"50":{"start":{"line":149,"column":8},"end":{"line":151,"column":null}},"51":{"start":{"line":150,"column":12},"end":{"line":150,"column":50}},"52":{"start":{"line":153,"column":8},"end":{"line":153,"column":22}},"53":{"start":{"line":157,"column":21},"end":{"line":157,"column":50}},"54":{"start":{"line":158,"column":31},"end":{"line":158,"column":33}},"55":{"start":{"line":160,"column":8},"end":{"line":164,"column":null}},"56":{"start":{"line":161,"column":12},"end":{"line":163,"column":15}},"57":{"start":{"line":162,"column":16},"end":{"line":162,"column":50}},"58":{"start":{"line":166,"column":8},"end":{"line":166,"column":22}},"59":{"start":{"line":12,"column":0},"end":{"line":12,"column":13}}},"fnMap":{"0":{"name":"(anonymous_0)","decl":{"start":{"line":13,"column":4},"end":{"line":13,"column":16}},"loc":{"start":{"line":13,"column":57},"end":{"line":20,"column":5}}},"1":{"name":"(anonymous_1)","decl":{"start":{"line":22,"column":14},"end":{"line":22,"column":30}},"loc":{"start":{"line":22,"column":69},"end":{"line":79,"column":5}}},"2":{"name":"(anonymous_2)","decl":{"start":{"line":28,"column":64},"end":{"line":28,"column":65}},"loc":{"start":{"line":28,"column":69},"end":{"line":28,"column":104}}},"3":{"name":"(anonymous_3)","decl":{"start":{"line":50,"column":44},"end":{"line":50,"column":45}},"loc":{"start":{"line":50,"column":49},"end":{"line":50,"column":84}}},"4":{"name":"(anonymous_4)","decl":{"start":{"line":59,"column":65},"end":{"line":59,"column":66}},"loc":{"start":{"line":59,"column":70},"end":{"line":59,"column":105}}},"5":{"name":"(anonymous_5)","decl":{"start":{"line":81,"column":14},"end":{"line":81,"column":23}},"loc":{"start":{"line":81,"column":36},"end":{"line":114,"column":5}}},"6":{"name":"(anonymous_6)","decl":{"start":{"line":116,"column":12},"end":{"line":116,"column":27}},"loc":{"start":{"line":116,"column":44},"end":{"line":119,"column":5}}},"7":{"name":"(anonymous_7)","decl":{"start":{"line":121,"column":12},"end":{"line":121,"column":29}},"loc":{"start":{"line":121,"column":29},"end":{"line":130,"column":5}}},"8":{"name":"(anonymous_8)","decl":{"start":{"line":132,"column":12},"end":{"line":132,"column":32}},"loc":{"start":{"line":132,"column":32},"end":{"line":143,"column":5}}},"9":{"name":"(anonymous_9)","decl":{"start":{"line":137,"column":33},"end":{"line":137,"column":34}},"loc":{"start":{"line":137,"column":53},"end":{"line":139,"column":13}}},"10":{"name":"(anonymous_10)","decl":{"start":{"line":145,"column":12},"end":{"line":145,"column":28}},"loc":{"start":{"line":145,"column":28},"end":{"line":154,"column":5}}},"11":{"name":"(anonymous_11)","decl":{"start":{"line":156,"column":12},"end":{"line":156,"column":26}},"loc":{"start":{"line":156,"column":26},"end":{"line":167,"column":5}}},"12":{"name":"(anonymous_12)","decl":{"start":{"line":161,"column":27},"end":{"line":161,"column":28}},"loc":{"start":{"line":161,"column":47},"end":{"line":163,"column":13}}}},"branchMap":{"0":{"loc":{"start":{"line":23,"column":27},"end":{"line":25,"column":76}},"type":"cond-expr","locations":[{"start":{"line":24,"column":14},"end":{"line":24,"column":91}},{"start":{"line":25,"column":14},"end":{"line":25,"column":76}}]},"1":{"loc":{"start":{"line":28,"column":69},"end":{"line":28,"column":104}},"type":"binary-expr","locations":[{"start":{"line":28,"column":69},"end":{"line":28,"column":99}},{"start":{"line":28,"column":103},"end":{"line":28,"column":104}}]},"2":{"loc":{"start":{"line":50,"column":21},"end":{"line":50,"column":38}},"type":"binary-expr","locations":[{"start":{"line":50,"column":21},"end":{"line":50,"column":32}},{"start":{"line":50,"column":36},"end":{"line":50,"column":38}}]},"3":{"loc":{"start":{"line":50,"column":49},"end":{"line":50,"column":84}},"type":"binary-expr","locations":[{"start":{"line":50,"column":49},"end":{"line":50,"column":79}},{"start":{"line":50,"column":83},"end":{"line":50,"column":84}}]},"4":{"loc":{"start":{"line":59,"column":21},"end":{"line":59,"column":59}},"type":"binary-expr","locations":[{"start":{"line":59,"column":21},"end":{"line":59,"column":53}},{"start":{"line":59,"column":57},"end":{"line":59,"column":59}}]},"5":{"loc":{"start":{"line":59,"column":70},"end":{"line":59,"column":105}},"type":"binary-expr","locations":[{"start":{"line":59,"column":70},"end":{"line":59,"column":100}},{"start":{"line":59,"column":104},"end":{"line":59,"column":105}}]},"6":{"loc":{"start":{"line":87,"column":8},"end":{"line":90,"column":null}},"type":"if","locations":[{"start":{"line":87,"column":8},"end":{"line":90,"column":null}}]},"7":{"loc":{"start":{"line":92,"column":8},"end":{"line":113,"column":null}},"type":"if","locations":[{"start":{"line":92,"column":8},"end":{"line":113,"column":null}},{"start":{"line":102,"column":15},"end":{"line":113,"column":null}}]},"8":{"loc":{"start":{"line":96,"column":24},"end":{"line":96,"column":52}},"type":"binary-expr","locations":[{"start":{"line":96,"column":24},"end":{"line":96,"column":47}},{"start":{"line":96,"column":51},"end":{"line":96,"column":52}}]},"9":{"loc":{"start":{"line":124,"column":8},"end":{"line":127,"column":null}},"type":"if","locations":[{"start":{"line":124,"column":8},"end":{"line":127,"column":null}}]},"10":{"loc":{"start":{"line":125,"column":39},"end":{"line":125,"column":88}},"type":"binary-expr","locations":[{"start":{"line":125,"column":39},"end":{"line":125,"column":76}},{"start":{"line":125,"column":80},"end":{"line":125,"column":88}}]},"11":{"loc":{"start":{"line":136,"column":8},"end":{"line":140,"column":null}},"type":"if","locations":[{"start":{"line":136,"column":8},"end":{"line":140,"column":null}}]},"12":{"loc":{"start":{"line":149,"column":8},"end":{"line":151,"column":null}},"type":"if","locations":[{"start":{"line":149,"column":8},"end":{"line":151,"column":null}}]},"13":{"loc":{"start":{"line":160,"column":8},"end":{"line":164,"column":null}},"type":"if","locations":[{"start":{"line":160,"column":8},"end":{"line":164,"column":null}}]}},"s":{"0":7,"1":7,"2":7,"3":7,"4":7,"5":13,"6":13,"7":13,"8":13,"9":13,"10":3,"11":3,"12":3,"13":3,"14":0,"15":3,"16":3,"17":3,"18":3,"19":3,"20":3,"21":0,"22":2,"23":3,"24":3,"25":3,"26":3,"27":3,"28":61,"29":61,"30":61,"31":47,"32":14,"33":13,"34":1,"35":13,"36":13,"37":3,"38":3,"39":3,"40":3,"41":0,"42":3,"43":3,"44":3,"45":3,"46":0,"47":3,"48":3,"49":3,"50":3,"51":3,"52":3,"53":3,"54":3,"55":3,"56":3,"57":0,"58":3,"59":7},"f":{"0":13,"1":3,"2":0,"3":0,"4":2,"5":61,"6":13,"7":3,"8":3,"9":0,"10":3,"11":3,"12":0},"b":{"0":[0,3],"1":[0,0],"2":[3,0],"3":[0,0],"4":[3,2],"5":[2,0],"6":[47],"7":[13,1],"8":[13,13],"9":[3],"10":[3,0],"11":[3],"12":[3],"13":[3]}}
,"/home/runner/work/vscode-c-cpp-flylint/vscode-c-cpp-flylint/server/src/linters/flawfinder.ts": {"path":"/home/runner/work/vscode-c-cpp-flylint/vscode-c-cpp-flylint/server/src/linters/flawfinder.ts","statementMap":{"0":{"start":{"line":5,"column":0},"end":{"line":5,"column":86}},"1":{"start":{"line":6,"column":0},"end":{"line":6,"column":34}},"2":{"start":{"line":8,"column":0},"end":{"line":8,"column":43}},"3":{"start":{"line":9,"column":0},"end":{"line":9,"column":64}},"4":{"start":{"line":13,"column":8},"end":{"line":13,"column":60}},"5":{"start":{"line":14,"column":8},"end":{"line":14,"column":49}},"6":{"start":{"line":16,"column":8},"end":{"line":16,"column":59}},"7":{"start":{"line":17,"column":8},"end":{"line":17,"column":64}},"8":{"start":{"line":21,"column":19},"end":{"line":25,"column":23}},"9":{"start":{"line":27,"column":8},"end":{"line":27,"column":37}},"10":{"start":{"line":29,"column":8},"end":{"line":29,"column":20}},"11":{"start":{"line":33,"column":20},"end":{"line":33,"column":84}},"12":{"start":{"line":36,"column":27},"end":{"line":36,"column":48}},"13":{"start":{"line":38,"column":8},"end":{"line":41,"column":null}},"14":{"start":{"line":40,"column":12},"end":{"line":40,"column":24}},"15":{"start":{"line":43,"column":8},"end":{"line":65,"column":null}},"16":{"start":{"line":44,"column":12},"end":{"line":53,"column":14}},"17":{"start":{"line":55,"column":12},"end":{"line":64,"column":14}},"18":{"start":{"line":69,"column":21},"end":{"line":69,"column":102}},"19":{"start":{"line":70,"column":8},"end":{"line":70,"column":50}},"20":{"start":{"line":11,"column":0},"end":{"line":11,"column":13}}},"fnMap":{"0":{"name":"(anonymous_0)","decl":{"start":{"line":12,"column":4},"end":{"line":12,"column":16}},"loc":{"start":{"line":12,"column":57},"end":{"line":18,"column":5}}},"1":{"name":"(anonymous_1)","decl":{"start":{"line":20,"column":14},"end":{"line":20,"column":30}},"loc":{"start":{"line":20,"column":69},"end":{"line":30,"column":5}}},"2":{"name":"(anonymous_2)","decl":{"start":{"line":32,"column":14},"end":{"line":32,"column":23}},"loc":{"start":{"line":32,"column":36},"end":{"line":66,"column":5}}},"3":{"name":"(anonymous_3)","decl":{"start":{"line":68,"column":12},"end":{"line":68,"column":27}},"loc":{"start":{"line":68,"column":44},"end":{"line":71,"column":5}}}},"branchMap":{"0":{"loc":{"start":{"line":38,"column":8},"end":{"line":41,"column":null}},"type":"if","locations":[{"start":{"line":38,"column":8},"end":{"line":41,"column":null}}]},"1":{"loc":{"start":{"line":43,"column":8},"end":{"line":65,"column":null}},"type":"if","locations":[{"start":{"line":43,"column":8},"end":{"line":65,"column":null}},{"start":{"line":54,"column":15},"end":{"line":65,"column":null}}]},"2":{"loc":{"start":{"line":48,"column":24},"end":{"line":48,"column":56}},"type":"binary-expr","locations":[{"start":{"line":48,"column":24},"end":{"line":48,"column":51}},{"start":{"line":48,"column":55},"end":{"line":48,"column":56}}]}},"s":{"0":7,"1":7,"2":7,"3":7,"4":6,"5":6,"6":6,"7":6,"8":2,"9":2,"10":2,"11":4,"12":4,"13":4,"14":2,"15":2,"16":1,"17":1,"18":1,"19":1,"20":7},"f":{"0":6,"1":2,"2":4,"3":1},"b":{"0":[2],"1":[1,1],"2":[1,0]}}
,"/home/runner/work/vscode-c-cpp-flylint/vscode-c-cpp-flylint/server/src/linters/flexelint.ts": {"path":"/home/runner/work/vscode-c-cpp-flylint/vscode-c-cpp-flylint/server/src/linters/flexelint.ts","statementMap":{"0":{"start":{"line":5,"column":0},"end":{"line":5,"column":29}},"1":{"start":{"line":6,"column":0},"end":{"line":6,"column":28}},"2":{"start":{"line":7,"column":0},"end":{"line":7,"column":85}},"3":{"start":{"line":8,"column":0},"end":{"line":8,"column":46}},"4":{"start":{"line":10,"column":0},"end":{"line":10,"column":43}},"5":{"start":{"line":11,"column":0},"end":{"line":11,"column":64}},"6":{"start":{"line":15,"column":8},"end":{"line":15,"column":58}},"7":{"start":{"line":16,"column":8},"end":{"line":16,"column":48}},"8":{"start":{"line":18,"column":8},"end":{"line":18,"column":56}},"9":{"start":{"line":19,"column":8},"end":{"line":19,"column":56}},"10":{"start":{"line":20,"column":8},"end":{"line":20,"column":63}},"11":{"start":{"line":24,"column":19},"end":{"line":33,"column":10}},"12":{"start":{"line":35,"column":8},"end":{"line":45,"column":null}},"13":{"start":{"line":36,"column":24},"end":{"line":36,"column":58}},"14":{"start":{"line":38,"column":12},"end":{"line":44,"column":null}},"15":{"start":{"line":39,"column":16},"end":{"line":39,"column":33}},"16":{"start":{"line":41,"column":16},"end":{"line":43,"column":19}},"17":{"start":{"line":42,"column":20},"end":{"line":42,"column":39}},"18":{"start":{"line":47,"column":8},"end":{"line":47,"column":37}},"19":{"start":{"line":49,"column":8},"end":{"line":49,"column":20}},"20":{"start":{"line":53,"column":8},"end":{"line":61,"column":null}},"21":{"start":{"line":54,"column":12},"end":{"line":60,"column":null}},"22":{"start":{"line":55,"column":16},"end":{"line":55,"column":56}},"23":{"start":{"line":56,"column":16},"end":{"line":56,"column":60}},"24":{"start":{"line":57,"column":16},"end":{"line":57,"column":30}},"25":{"start":{"line":58,"column":19},"end":{"line":60,"column":null}},"26":{"start":{"line":59,"column":16},"end":{"line":59,"column":30}},"27":{"start":{"line":63,"column":8},"end":{"line":63,"column":64}},"28":{"start":{"line":67,"column":20},"end":{"line":67,"column":98}},"29":{"start":{"line":70,"column":27},"end":{"line":70,"column":70}},"30":{"start":{"line":72,"column":8},"end":{"line":75,"column":null}},"31":{"start":{"line":74,"column":12},"end":{"line":74,"column":24}},"32":{"start":{"line":77,"column":8},"end":{"line":98,"column":null}},"33":{"start":{"line":78,"column":12},"end":{"line":86,"column":14}},"34":{"start":{"line":88,"column":12},"end":{"line":97,"column":14}},"35":{"start":{"line":102,"column":21},"end":{"line":102,"column":100}},"36":{"start":{"line":103,"column":8},"end":{"line":103,"column":50}},"37":{"start":{"line":13,"column":0},"end":{"line":13,"column":13}}},"fnMap":{"0":{"name":"(anonymous_0)","decl":{"start":{"line":14,"column":4},"end":{"line":14,"column":16}},"loc":{"start":{"line":14,"column":57},"end":{"line":21,"column":5}}},"1":{"name":"(anonymous_1)","decl":{"start":{"line":23,"column":14},"end":{"line":23,"column":30}},"loc":{"start":{"line":23,"column":69},"end":{"line":50,"column":5}}},"2":{"name":"(anonymous_2)","decl":{"start":{"line":41,"column":30},"end":{"line":41,"column":37}},"loc":{"start":{"line":41,"column":40},"end":{"line":43,"column":17}}},"3":{"name":"(anonymous_3)","decl":{"start":{"line":52,"column":14},"end":{"line":52,"column":28}},"loc":{"start":{"line":52,"column":104},"end":{"line":64,"column":5}}},"4":{"name":"(anonymous_4)","decl":{"start":{"line":66,"column":14},"end":{"line":66,"column":23}},"loc":{"start":{"line":66,"column":36},"end":{"line":99,"column":5}}},"5":{"name":"(anonymous_5)","decl":{"start":{"line":101,"column":12},"end":{"line":101,"column":27}},"loc":{"start":{"line":101,"column":44},"end":{"line":104,"column":5}}}},"branchMap":{"0":{"loc":{"start":{"line":35,"column":8},"end":{"line":45,"column":null}},"type":"if","locations":[{"start":{"line":35,"column":8},"end":{"line":45,"column":null}}]},"1":{"loc":{"start":{"line":38,"column":12},"end":{"line":44,"column":null}},"type":"if","locations":[{"start":{"line":38,"column":12},"end":{"line":44,"column":null}},{"start":{"line":40,"column":19},"end":{"line":44,"column":null}}]},"2":{"loc":{"start":{"line":53,"column":8},"end":{"line":61,"column":null}},"type":"if","locations":[{"start":{"line":53,"column":8},"end":{"line":61,"column":null}}]},"3":{"loc":{"start":{"line":54,"column":12},"end":{"line":60,"column":null}},"type":"if","locations":[{"start":{"line":54,"column":12},"end":{"line":60,"column":null}},{"start":{"line":58,"column":19},"end":{"line":60,"column":null}}]},"4":{"loc":{"start":{"line":54,"column":16},"end":{"line":54,"column":191}},"type":"binary-expr","locations":[{"start":{"line":54,"column":17},"end":{"line":54,"column":41}},{"start":{"line":54,"column":45},"end":{"line":54,"column":100}},{"start":{"line":54,"column":106},"end":{"line":54,"column":130}},{"start":{"line":54,"column":134},"end":{"line":54,"column":190}}]},"5":{"loc":{"start":{"line":58,"column":19},"end":{"line":60,"column":null}},"type":"if","locations":[{"start":{"line":58,"column":19},"end":{"line":60,"column":null}}]},"6":{"loc":{"start":{"line":58,"column":23},"end":{"line":58,"column":75}},"type":"binary-expr","locations":[{"start":{"line":58,"column":23},"end":{"line":58,"column":47}},{"start":{"line":58,"column":51},"end":{"line":58,"column":75}}]},"7":{"loc":{"start":{"line":72,"column":8},"end":{"line":75,"column":null}},"type":"if","locations":[{"start":{"line":72,"column":8},"end":{"line":75,"column":null}}]},"8":{"loc":{"start":{"line":77,"column":8},"end":{"line":98,"column":null}},"type":"if","locations":[{"start":{"line":77,"column":8},"end":{"line":98,"column":null}},{"start":{"line":87,"column":15},"end":{"line":98,"column":null}}]}},"s":{"0":7,"1":7,"2":7,"3":7,"4":7,"5":7,"6":10,"7":10,"8":10,"9":10,"10":10,"11":2,"12":2,"13":1,"14":1,"15":0,"16":1,"17":7,"18":2,"19":2,"20":7,"21":7,"22":0,"23":0,"24":0,"25":7,"26":4,"27":7,"28":16,"29":16,"30":16,"31":5,"32":11,"33":10,"34":1,"35":10,"36":10,"37":7},"f":{"0":10,"1":2,"2":7,"3":7,"4":16,"5":10},"b":{"0":[1],"1":[0,1],"2":[7],"3":[0,7],"4":[7,2,7,2],"5":[4],"6":[7,5],"7":[5],"8":[10,1]}}
,"/home/runner/work/vscode-c-cpp-flylint/vscode-c-cpp-flylint/server/src/linters/linter.ts": {"path":"/home/runner/work/vscode-c-cpp-flylint/vscode-c-cpp-flylint/server/src/linters/linter.ts","statementMap":{"0":{"start":{"line":6,"column":0},"end":{"line":6,"column":31}},"1":{"start":{"line":7,"column":0},"end":{"line":7,"column":25}},"2":{"start":{"line":8,"column":0},"end":{"line":8,"column":29}},"3":{"start":{"line":9,"column":0},"end":{"line":9,"column":28}},"4":{"start":{"line":12,"column":0},"end":{"line":12,"column":43}},"5":{"start":{"line":13,"column":0},"end":{"line":13,"column":43}},"6":{"start":{"line":16,"column":28},"end":{"line":16,"column":72}},"7":{"start":{"line":17,"column":14},"end":{"line":17,"column":30}},"8":{"start":{"line":24,"column":13},"end":{"line":24,"column":70}},"9":{"start":{"line":26,"column":0},"end":{"line":26,"column":null}},"10":{"start":{"line":27,"column":4},"end":{"line":27,"column":null}},"11":{"start":{"line":28,"column":4},"end":{"line":28,"column":null}},"12":{"start":{"line":29,"column":4},"end":{"line":29,"column":null}},"13":{"start":{"line":33,"column":0},"end":{"line":33,"column":16}},"14":{"start":{"line":44,"column":0},"end":{"line":44,"column":16}},"15":{"start":{"line":55,"column":0},"end":{"line":55,"column":13}},"16":{"start":{"line":93,"column":14},"end":{"line":93,"column":38}},"17":{"start":{"line":94,"column":14},"end":{"line":94,"column":38}},"18":{"start":{"line":103,"column":8},"end":{"line":103,"column":25}},"19":{"start":{"line":104,"column":8},"end":{"line":104,"column":33}},"20":{"start":{"line":105,"column":8},"end":{"line":105,"column":43}},"21":{"start":{"line":106,"column":8},"end":{"line":106,"column":43}},"22":{"start":{"line":107,"column":8},"end":{"line":107,"column":28}},"23":{"start":{"line":108,"column":8},"end":{"line":108,"column":27}},"24":{"start":{"line":109,"column":8},"end":{"line":109,"column":42}},"25":{"start":{"line":110,"column":8},"end":{"line":110,"column":42}},"26":{"start":{"line":111,"column":8},"end":{"line":111,"column":40}},"27":{"start":{"line":112,"column":8},"end":{"line":112,"column":44}},"28":{"start":{"line":113,"column":8},"end":{"line":113,"column":50}},"29":{"start":{"line":296,"column":18},"end":{"line":296,"column":51}},"30":{"start":{"line":299,"column":8},"end":{"line":301,"column":null}},"31":{"start":{"line":303,"column":8},"end":{"line":303,"column":88}},"32":{"start":{"line":307,"column":8},"end":{"line":307,"column":null}},"33":{"start":{"line":307,"column":29},"end":{"line":307,"column":39}},"34":{"start":{"line":309,"column":21},"end":{"line":309,"column":114}},"35":{"start":{"line":310,"column":21},"end":{"line":310,"column":95}},"36":{"start":{"line":311,"column":21},"end":{"line":311,"column":95}},"37":{"start":{"line":314,"column":8},"end":{"line":317,"column":null}},"38":{"start":{"line":320,"column":8},"end":{"line":322,"column":null}},"39":{"start":{"line":324,"column":8},"end":{"line":324,"column":54}},"40":{"start":{"line":333,"column":44},"end":{"line":333,"column":46}},"41":{"start":{"line":334,"column":55},"end":{"line":334,"column":59}},"42":{"start":{"line":336,"column":8},"end":{"line":366,"column":11}},"43":{"start":{"line":337,"column":12},"end":{"line":343,"column":null}},"44":{"start":{"line":338,"column":16},"end":{"line":338,"column":41}},"45":{"start":{"line":340,"column":16},"end":{"line":342,"column":null}},"46":{"start":{"line":341,"column":20},"end":{"line":341,"column":62}},"47":{"start":{"line":345,"column":25},"end":{"line":345,"column":45}},"48":{"start":{"line":346,"column":12},"end":{"line":365,"column":null}},"49":{"start":{"line":348,"column":16},"end":{"line":355,"column":null}},"50":{"start":{"line":349,"column":20},"end":{"line":354,"column":null}},"51":{"start":{"line":350,"column":24},"end":{"line":350,"column":55}},"52":{"start":{"line":351,"column":24},"end":{"line":351,"column":31}},"53":{"start":{"line":353,"column":24},"end":{"line":353,"column":55}},"54":{"start":{"line":357,"column":16},"end":{"line":357,"column":89}},"55":{"start":{"line":359,"column":16},"end":{"line":362,"column":null}},"56":{"start":{"line":361,"column":20},"end":{"line":361,"column":48}},"57":{"start":{"line":364,"column":16},"end":{"line":364,"column":39}},"58":{"start":{"line":368,"column":8},"end":{"line":371,"column":null}},"59":{"start":{"line":370,"column":12},"end":{"line":370,"column":40}},"60":{"start":{"line":373,"column":8},"end":{"line":373,"column":23}},"61":{"start":{"line":87,"column":0},"end":{"line":87,"column":13}}},"fnMap":{"0":{"name":"(anonymous_7)","decl":{"start":{"line":26,"column":0},"end":{"line":26,"column":12}},"loc":{"start":{"line":26,"column":16},"end":{"line":30,"column":1}}},"1":{"name":"(anonymous_8)","decl":{"start":{"line":102,"column":4},"end":{"line":102,"column":26}},"loc":{"start":{"line":102,"column":105},"end":{"line":114,"column":5}}},"2":{"name":"(anonymous_9)","decl":{"start":{"line":295,"column":14},"end":{"line":295,"column":23}},"loc":{"start":{"line":295,"column":62},"end":{"line":304,"column":5}}},"3":{"name":"(anonymous_10)","decl":{"start":{"line":306,"column":11},"end":{"line":306,"column":15}},"loc":{"start":{"line":306,"column":79},"end":{"line":325,"column":5}}},"4":{"name":"(anonymous_11)","decl":{"start":{"line":332,"column":14},"end":{"line":332,"column":24}},"loc":{"start":{"line":332,"column":40},"end":{"line":374,"column":5}}},"5":{"name":"(anonymous_12)","decl":{"start":{"line":336,"column":22},"end":{"line":336,"column":26}},"loc":{"start":{"line":336,"column":29},"end":{"line":366,"column":9}}}},"branchMap":{"0":{"loc":{"start":{"line":26,"column":12},"end":{"line":26,"column":null}},"type":"binary-expr","locations":[{"start":{"line":26,"column":12},"end":{"line":26,"column":16}},{"start":{"line":26,"column":12},"end":{"line":26,"column":null}}]},"1":{"loc":{"start":{"line":296,"column":18},"end":{"line":296,"column":51}},"type":"binary-expr","locations":[{"start":{"line":296,"column":18},"end":{"line":296,"column":32}},{"start":{"line":296,"column":36},"end":{"line":296,"column":51}}]},"2":{"loc":{"start":{"line":307,"column":8},"end":{"line":307,"column":null}},"type":"if","locations":[{"start":{"line":307,"column":8},"end":{"line":307,"column":null}}]},"3":{"loc":{"start":{"line":309,"column":82},"end":{"line":309,"column":113}},"type":"binary-expr","locations":[{"start":{"line":309,"column":82},"end":{"line":309,"column":91}},{"start":{"line":309,"column":95},"end":{"line":309,"column":113}}]},"4":{"loc":{"start":{"line":310,"column":21},"end":{"line":310,"column":95}},"type":"cond-expr","locations":[{"start":{"line":310,"column":46},"end":{"line":310,"column":90}},{"start":{"line":310,"column":93},"end":{"line":310,"column":95}}]},"5":{"loc":{"start":{"line":311,"column":21},"end":{"line":311,"column":95}},"type":"cond-expr","locations":[{"start":{"line":311,"column":46},"end":{"line":311,"column":90}},{"start":{"line":311,"column":93},"end":{"line":311,"column":95}}]},"6":{"loc":{"start":{"line":337,"column":12},"end":{"line":343,"column":null}},"type":"if","locations":[{"start":{"line":337,"column":12},"end":{"line":343,"column":null}}]},"7":{"loc":{"start":{"line":340,"column":16},"end":{"line":342,"column":null}},"type":"if","locations":[{"start":{"line":340,"column":16},"end":{"line":342,"column":null}}]},"8":{"loc":{"start":{"line":346,"column":12},"end":{"line":365,"column":null}},"type":"if","locations":[{"start":{"line":346,"column":12},"end":{"line":365,"column":null}}]},"9":{"loc":{"start":{"line":348,"column":16},"end":{"line":355,"column":null}},"type":"if","locations":[{"start":{"line":348,"column":16},"end":{"line":355,"column":null}}]},"10":{"loc":{"start":{"line":349,"column":20},"end":{"line":354,"column":null}},"type":"if","locations":[{"start":{"line":349,"column":20},"end":{"line":354,"column":null}},{"start":{"line":352,"column":27},"end":{"line":354,"column":null}}]},"11":{"loc":{"start":{"line":359,"column":16},"end":{"line":362,"column":null}},"type":"if","locations":[{"start":{"line":359,"column":16},"end":{"line":362,"column":null}}]},"12":{"loc":{"start":{"line":359,"column":20},"end":{"line":359,"column":71}},"type":"binary-expr","locations":[{"start":{"line":359,"column":20},"end":{"line":359,"column":42}},{"start":{"line":359,"column":46},"end":{"line":359,"column":71}}]},"13":{"loc":{"start":{"line":368,"column":8},"end":{"line":371,"column":null}},"type":"if","locations":[{"start":{"line":368,"column":8},"end":{"line":371,"column":null}}]}},"s":{"0":7,"1":7,"2":7,"3":7,"4":7,"5":7,"6":7,"7":7,"8":7,"9":7,"10":7,"11":7,"12":7,"13":7,"14":7,"15":7,"16":52,"17":52,"18":52,"19":52,"20":52,"21":52,"22":52,"23":52,"24":52,"25":52,"26":52,"27":52,"28":52,"29":0,"30":0,"31":0,"32":0,"33":0,"34":0,"35":0,"36":0,"37":0,"38":0,"39":0,"40":16,"41":16,"42":16,"43":142,"44":30,"45":30,"46":29,"47":142,"48":142,"49":76,"50":0,"51":0,"52":0,"53":0,"54":76,"55":76,"56":58,"57":76,"58":16,"59":13,"60":16,"61":7},"f":{"0":7,"1":52,"2":0,"3":0,"4":16,"5":142},"b":{"0":[7,7],"1":[0,0],"2":[0],"3":[0,0],"4":[0,0],"5":[0,0],"6":[30],"7":[29],"8":[76],"9":[0],"10":[0,0],"11":[58],"12":[76,58],"13":[13]}}
,"/home/runner/work/vscode-c-cpp-flylint/vscode-c-cpp-flylint/server/src/linters/lizard.ts": {"path":"/home/runner/work/vscode-c-cpp-flylint/vscode-c-cpp-flylint/server/src/linters/lizard.ts","statementMap":{"0":{"start":{"line":6,"column":0},"end":{"line":6,"column":34}},"1":{"start":{"line":8,"column":0},"end":{"line":8,"column":43}},"2":{"start":{"line":9,"column":0},"end":{"line":9,"column":64}},"3":{"start":{"line":13,"column":8},"end":{"line":13,"column":56}},"4":{"start":{"line":14,"column":8},"end":{"line":14,"column":45}},"5":{"start":{"line":16,"column":8},"end":{"line":16,"column":55}},"6":{"start":{"line":17,"column":8},"end":{"line":17,"column":60}},"7":{"start":{"line":21,"column":19},"end":{"line":23,"column":105}},"8":{"start":{"line":23,"column":68},"end":{"line":23,"column":103}},"9":{"start":{"line":25,"column":8},"end":{"line":25,"column":37}},"10":{"start":{"line":27,"column":8},"end":{"line":27,"column":20}},"11":{"start":{"line":31,"column":20},"end":{"line":31,"column":65}},"12":{"start":{"line":33,"column":27},"end":{"line":33,"column":31}},"13":{"start":{"line":35,"column":8},"end":{"line":38,"column":null}},"14":{"start":{"line":37,"column":12},"end":{"line":37,"column":24}},"15":{"start":{"line":40,"column":8},"end":{"line":61,"column":null}},"16":{"start":{"line":41,"column":12},"end":{"line":49,"column":14}},"17":{"start":{"line":51,"column":12},"end":{"line":60,"column":14}},"18":{"start":{"line":11,"column":0},"end":{"line":11,"column":13}}},"fnMap":{"0":{"name":"(anonymous_0)","decl":{"start":{"line":12,"column":4},"end":{"line":12,"column":16}},"loc":{"start":{"line":12,"column":57},"end":{"line":18,"column":5}}},"1":{"name":"(anonymous_1)","decl":{"start":{"line":20,"column":14},"end":{"line":20,"column":30}},"loc":{"start":{"line":20,"column":69},"end":{"line":28,"column":5}}},"2":{"name":"(anonymous_2)","decl":{"start":{"line":23,"column":63},"end":{"line":23,"column":64}},"loc":{"start":{"line":23,"column":68},"end":{"line":23,"column":103}}},"3":{"name":"(anonymous_3)","decl":{"start":{"line":30,"column":14},"end":{"line":30,"column":23}},"loc":{"start":{"line":30,"column":36},"end":{"line":62,"column":5}}}},"branchMap":{"0":{"loc":{"start":{"line":23,"column":21},"end":{"line":23,"column":57}},"type":"binary-expr","locations":[{"start":{"line":23,"column":21},"end":{"line":23,"column":51}},{"start":{"line":23,"column":55},"end":{"line":23,"column":57}}]},"1":{"loc":{"start":{"line":23,"column":68},"end":{"line":23,"column":103}},"type":"binary-expr","locations":[{"start":{"line":23,"column":68},"end":{"line":23,"column":98}},{"start":{"line":23,"column":102},"end":{"line":23,"column":103}}]},"2":{"loc":{"start":{"line":35,"column":8},"end":{"line":38,"column":null}},"type":"if","locations":[{"start":{"line":35,"column":8},"end":{"line":38,"column":null}}]},"3":{"loc":{"start":{"line":40,"column":8},"end":{"line":61,"column":null}},"type":"if","locations":[{"start":{"line":40,"column":8},"end":{"line":61,"column":null}},{"start":{"line":50,"column":15},"end":{"line":61,"column":null}}]}},"s":{"0":7,"1":7,"2":7,"3":6,"4":6,"5":6,"6":6,"7":2,"8":0,"9":2,"10":2,"11":6,"12":6,"13":6,"14":1,"15":5,"16":4,"17":1,"18":7},"f":{"0":6,"1":2,"2":0,"3":6},"b":{"0":[2,2],"1":[0,0],"2":[1],"3":[4,1]}}
,"/home/runner/work/vscode-c-cpp-flylint/vscode-c-cpp-flylint/server/src/linters/pclintplus.ts": {"path":"/home/runner/work/vscode-c-cpp-flylint/vscode-c-cpp-flylint/server/src/linters/pclintplus.ts","statementMap":{"0":{"start":{"line":5,"column":0},"end":{"line":5,"column":29}},"1":{"start":{"line":6,"column":0},"end":{"line":6,"column":28}},"2":{"start":{"line":7,"column":0},"end":{"line":7,"column":86}},"3":{"start":{"line":8,"column":0},"end":{"line":8,"column":46}},"4":{"start":{"line":10,"column":0},"end":{"line":10,"column":43}},"5":{"start":{"line":11,"column":0},"end":{"line":11,"column":64}},"6":{"start":{"line":23,"column":8},"end":{"line":23,"column":59}},"7":{"start":{"line":20,"column":12},"end":{"line":20,"column":49}},"8":{"start":{"line":24,"column":8},"end":{"line":24,"column":49}},"9":{"start":{"line":26,"column":8},"end":{"line":26,"column":59}},"10":{"start":{"line":27,"column":8},"end":{"line":27,"column":59}},"11":{"start":{"line":28,"column":8},"end":{"line":28,"column":64}},"12":{"start":{"line":32,"column":19},"end":{"line":41,"column":10}},"13":{"start":{"line":43,"column":8},"end":{"line":53,"column":null}},"14":{"start":{"line":44,"column":24},"end":{"line":44,"column":59}},"15":{"start":{"line":46,"column":12},"end":{"line":52,"column":null}},"16":{"start":{"line":47,"column":16},"end":{"line":47,"column":33}},"17":{"start":{"line":49,"column":16},"end":{"line":51,"column":19}},"18":{"start":{"line":50,"column":20},"end":{"line":50,"column":39}},"19":{"start":{"line":55,"column":8},"end":{"line":55,"column":37}},"20":{"start":{"line":57,"column":8},"end":{"line":57,"column":20}},"21":{"start":{"line":61,"column":20},"end":{"line":61,"column":229}},"22":{"start":{"line":64,"column":27},"end":{"line":64,"column":109}},"23":{"start":{"line":65,"column":8},"end":{"line":68,"column":null}},"24":{"start":{"line":67,"column":12},"end":{"line":67,"column":24}},"25":{"start":{"line":70,"column":8},"end":{"line":121,"column":null}},"26":{"start":{"line":71,"column":12},"end":{"line":109,"column":null}},"27":{"start":{"line":71,"column":77},"end":{"line":71,"column":93}},"28":{"start":{"line":72,"column":16},"end":{"line":80,"column":null}},"29":{"start":{"line":73,"column":20},"end":{"line":73,"column":60}},"30":{"start":{"line":74,"column":20},"end":{"line":74,"column":56}},"31":{"start":{"line":75,"column":20},"end":{"line":75,"column":58}},"32":{"start":{"line":77,"column":20},"end":{"line":77,"column":60}},"33":{"start":{"line":78,"column":20},"end":{"line":78,"column":56}},"34":{"start":{"line":79,"column":20},"end":{"line":79,"column":58}},"35":{"start":{"line":81,"column":16},"end":{"line":89,"column":18}},"36":{"start":{"line":91,"column":16},"end":{"line":99,"column":null}},"37":{"start":{"line":92,"column":20},"end":{"line":92,"column":60}},"38":{"start":{"line":93,"column":20},"end":{"line":93,"column":56}},"39":{"start":{"line":94,"column":20},"end":{"line":94,"column":59}},"40":{"start":{"line":96,"column":20},"end":{"line":96,"column":60}},"41":{"start":{"line":97,"column":20},"end":{"line":97,"column":56}},"42":{"start":{"line":98,"column":20},"end":{"line":98,"column":59}},"43":{"start":{"line":100,"column":16},"end":{"line":108,"column":18}},"44":{"start":{"line":111,"column":12},"end":{"line":120,"column":14}},"45":{"start":{"line":125,"column":8},"end":{"line":130,"column":null}},"46":{"start":{"line":127,"column":12},"end":{"line":129,"column":null}},"47":{"start":{"line":128,"column":16},"end":{"line":128,"column":30}},"48":{"start":{"line":132,"column":8},"end":{"line":132,"column":64}},"49":{"start":{"line":136,"column":21},"end":{"line":136,"column":102}},"50":{"start":{"line":137,"column":8},"end":{"line":137,"column":50}},"51":{"start":{"line":19,"column":0},"end":{"line":19,"column":13}}},"fnMap":{"0":{"name":"(anonymous_0)","decl":{"start":{"line":22,"column":4},"end":{"line":22,"column":16}},"loc":{"start":{"line":22,"column":57},"end":{"line":29,"column":5}}},"1":{"name":"(anonymous_1)","decl":{"start":{"line":31,"column":14},"end":{"line":31,"column":30}},"loc":{"start":{"line":31,"column":69},"end":{"line":58,"column":5}}},"2":{"name":"(anonymous_2)","decl":{"start":{"line":49,"column":30},"end":{"line":49,"column":37}},"loc":{"start":{"line":49,"column":40},"end":{"line":51,"column":17}}},"3":{"name":"(anonymous_3)","decl":{"start":{"line":60,"column":14},"end":{"line":60,"column":23}},"loc":{"start":{"line":60,"column":36},"end":{"line":122,"column":5}}},"4":{"name":"(anonymous_4)","decl":{"start":{"line":71,"column":71},"end":{"line":71,"column":73}},"loc":{"start":{"line":71,"column":77},"end":{"line":71,"column":93}}},"5":{"name":"(anonymous_5)","decl":{"start":{"line":124,"column":14},"end":{"line":124,"column":28}},"loc":{"start":{"line":124,"column":104},"end":{"line":133,"column":5}}},"6":{"name":"(anonymous_6)","decl":{"start":{"line":135,"column":12},"end":{"line":135,"column":27}},"loc":{"start":{"line":135,"column":44},"end":{"line":138,"column":5}}}},"branchMap":{"0":{"loc":{"start":{"line":43,"column":8},"end":{"line":53,"column":null}},"type":"if","locations":[{"start":{"line":43,"column":8},"end":{"line":53,"column":null}}]},"1":{"loc":{"start":{"line":46,"column":12},"end":{"line":52,"column":null}},"type":"if","locations":[{"start":{"line":46,"column":12},"end":{"line":52,"column":null}},{"start":{"line":48,"column":19},"end":{"line":52,"column":null}}]},"2":{"loc":{"start":{"line":65,"column":8},"end":{"line":68,"column":null}},"type":"if","locations":[{"start":{"line":65,"column":8},"end":{"line":68,"column":null}}]},"3":{"loc":{"start":{"line":70,"column":8},"end":{"line":121,"column":null}},"type":"if","locations":[{"start":{"line":70,"column":8},"end":{"line":121,"column":null}},{"start":{"line":110,"column":15},"end":{"line":121,"column":null}}]},"4":{"loc":{"start":{"line":71,"column":12},"end":{"line":109,"column":null}},"type":"if","locations":[{"start":{"line":71,"column":12},"end":{"line":109,"column":null}},{"start":{"line":90,"column":19},"end":{"line":109,"column":null}}]},"5":{"loc":{"start":{"line":72,"column":16},"end":{"line":80,"column":null}},"type":"if","locations":[{"start":{"line":72,"column":16},"end":{"line":80,"column":null}},{"start":{"line":76,"column":23},"end":{"line":80,"column":null}}]},"6":{"loc":{"start":{"line":91,"column":16},"end":{"line":99,"column":null}},"type":"if","locations":[{"start":{"line":91,"column":16},"end":{"line":99,"column":null}},{"start":{"line":95,"column":23},"end":{"line":99,"column":null}}]},"7":{"loc":{"start":{"line":125,"column":8},"end":{"line":130,"column":null}},"type":"if","locations":[{"start":{"line":125,"column":8},"end":{"line":130,"column":null}}]},"8":{"loc":{"start":{"line":127,"column":12},"end":{"line":129,"column":null}},"type":"if","locations":[{"start":{"line":127,"column":12},"end":{"line":129,"column":null}}]}},"s":{"0":7,"1":7,"2":7,"3":7,"4":7,"5":7,"6":9,"7":9,"8":9,"9":9,"10":9,"11":9,"12":2,"13":2,"14":1,"15":1,"16":0,"17":1,"18":7,"19":2,"20":2,"21":44,"22":44,"23":44,"24":10,"25":34,"26":33,"27":51,"28":9,"29":3,"30":3,"31":3,"32":6,"33":6,"34":6,"35":9,"36":24,"37":0,"38":0,"39":0,"40":24,"41":24,"42":24,"43":24,"44":1,"45":33,"46":33,"47":1,"48":33,"49":33,"50":33,"51":7},"f":{"0":9,"1":2,"2":7,"3":44,"4":51,"5":33,"6":33},"b":{"0":[1],"1":[0,1],"2":[10],"3":[33,1],"4":[9,24],"5":[3,6],"6":[0,24],"7":[33],"8":[1]}}
}
