TN:
SF:server/src/server.ts
FN:78,(anonymous_7)
FNF:1
FNH:1
FNDA:7,(anonymous_7)
DA:5,7
DA:19,7
DA:23,7
DA:24,7
DA:25,7
DA:26,7
DA:27,7
DA:28,7
DA:30,7
DA:31,7
DA:32,7
DA:34,7
DA:35,7
DA:36,7
DA:37,7
DA:38,7
DA:39,7
DA:41,7
DA:42,7
DA:45,7
DA:48,7
DA:50,7
DA:53,7
DA:56,7
DA:59,7
DA:62,7
DA:68,7
DA:71,7
DA:74,7
DA:78,7
DA:79,7
DA:80,7
DA:133,7
DA:248,7
DA:409,7
DA:765,7
DA:768,7
LF:37
LH:37
BRDA:42,0,0,7
BRDA:42,0,1,7
BRDA:78,1,0,7
BRDA:78,1,1,7
BRF:4
BRH:4
end_of_record
TN:
SF:server/src/settings.ts
FN:32,(anonymous_0)
FNF:1
FNH:1
FNDA:8,(anonymous_0)
DA:5,8
DA:6,8
DA:7,8
DA:20,8
DA:32,8
DA:34,8
LF:6
LH:6
BRDA:32,0,0,8
BRDA:32,0,1,8
BRF:2
BRH:2
end_of_record
TN:
SF:server/src/linters/clang.ts
FN:16,(anonymous_0)
FN:30,(anonymous_1)
FN:109,(anonymous_2)
FN:123,(anonymous_3)
FN:177,(anonymous_4)
FN:182,(anonymous_5)
FN:196,(anonymous_6)
FNF:7
FNH:6
FNDA:8,(anonymous_0)
FNDA:3,(anonymous_1)
FNDA:0,(anonymous_2)
FNDA:20,(anonymous_3)
FNDA:15,(anonymous_4)
FNDA:3,(anonymous_5)
FNDA:3,(anonymous_6)
DA:5,7
DA:6,7
DA:7,7
DA:9,7
DA:10,7
DA:12,7
DA:13,8
DA:14,8
DA:17,8
DA:18,8
DA:20,8
DA:21,8
DA:22,8
DA:31,3
DA:32,3
DA:35,3
DA:36,0
DA:43,3
DA:46,3
DA:47,3
DA:49,3
DA:51,3
DA:53,3
DA:55,3
DA:60,3
DA:65,3
DA:70,3
DA:75,3
DA:80,3
DA:86,3
DA:109,0
DA:111,3
DA:112,0
DA:114,3
DA:117,3
DA:118,3
DA:120,3
DA:124,20
DA:127,20
DA:129,0
DA:132,20
DA:133,20
DA:135,1
DA:139,19
DA:141,19
DA:142,3
DA:153,16
DA:154,15
DA:164,1
DA:178,15
DA:179,15
DA:183,3
DA:185,3
DA:186,0
DA:189,3
DA:190,0
DA:193,3
DA:197,3
DA:198,3
DA:200,3
DA:201,3
DA:202,3
DA:205,3
LF:63
LH:57
BRDA:35,0,0,0
BRDA:35,0,1,3
BRDA:47,1,0,0
BRDA:47,1,1,3
BRDA:49,2,0,3
BRDA:49,2,1,0
BRDA:51,3,0,3
BRDA:51,3,1,0
BRDA:53,4,0,3
BRDA:53,4,1,0
BRDA:109,5,0,3
BRDA:109,5,1,3
BRDA:109,6,0,0
BRDA:109,6,1,0
BRDA:111,7,0,0
BRDA:111,7,1,3
BRDA:127,8,0,0
BRDA:133,9,0,1
BRDA:141,10,0,3
BRDA:143,11,0,0
BRDA:143,11,1,3
BRDA:153,12,0,15
BRDA:153,12,1,1
BRDA:155,13,0,0
BRDA:155,13,1,15
BRDA:185,14,0,0
BRDA:189,15,0,0
BRDA:200,16,0,3
BRF:28
BRH:15
end_of_record
TN:
SF:server/src/linters/cppcheck.ts
FN:13,(anonymous_0)
FN:22,(anonymous_1)
FN:28,(anonymous_2)
FN:50,(anonymous_3)
FN:59,(anonymous_4)
FN:81,(anonymous_5)
FN:116,(anonymous_6)
FN:121,(anonymous_7)
FN:132,(anonymous_8)
FN:137,(anonymous_9)
FN:145,(anonymous_10)
FN:156,(anonymous_11)
FN:161,(anonymous_12)
FNF:13
FNH:9
FNDA:13,(anonymous_0)
FNDA:3,(anonymous_1)
FNDA:0,(anonymous_2)
FNDA:0,(anonymous_3)
FNDA:2,(anonymous_4)
FNDA:61,(anonymous_5)
FNDA:13,(anonymous_6)
FNDA:3,(anonymous_7)
FNDA:3,(anonymous_8)
FNDA:0,(anonymous_9)
FNDA:3,(anonymous_10)
FNDA:3,(anonymous_11)
FNDA:0,(anonymous_12)
DA:5,7
DA:6,7
DA:7,7
DA:9,7
DA:10,7
DA:12,7
DA:14,13
DA:15,13
DA:17,13
DA:18,13
DA:19,13
DA:23,3
DA:26,3
DA:27,3
DA:28,3
DA:29,3
DA:30,3
DA:31,3
DA:36,3
DA:41,3
DA:47,3
DA:50,0
DA:59,2
DA:62,3
DA:67,3
DA:72,3
DA:76,3
DA:78,3
DA:82,61
DA:85,61
DA:87,61
DA:89,47
DA:92,14
DA:93,13
DA:103,1
DA:117,13
DA:118,13
DA:122,3
DA:124,3
DA:125,3
DA:126,3
DA:129,0
DA:133,3
DA:134,3
DA:136,3
DA:137,3
DA:138,0
DA:142,3
DA:146,3
DA:147,3
DA:149,3
DA:150,3
DA:153,3
DA:157,3
DA:158,3
DA:160,3
DA:161,3
DA:162,0
DA:166,3
LF:59
LH:55
BRDA:23,0,0,0
BRDA:23,0,1,3
BRDA:28,1,0,0
BRDA:28,1,1,0
BRDA:50,2,0,3
BRDA:50,2,1,0
BRDA:50,3,0,0
BRDA:50,3,1,0
BRDA:59,4,0,3
BRDA:59,4,1,2
BRDA:59,5,0,2
BRDA:59,5,1,0
BRDA:87,6,0,47
BRDA:92,7,0,13
BRDA:92,7,1,1
BRDA:96,8,0,13
BRDA:96,8,1,13
BRDA:124,9,0,3
BRDA:125,10,0,3
BRDA:125,10,1,0
BRDA:136,11,0,3
BRDA:149,12,0,3
BRDA:160,13,0,3
BRF:23
BRH:15
end_of_record
TN:
SF:server/src/linters/flawfinder.ts
FN:12,(anonymous_0)
FN:20,(anonymous_1)
FN:32,(anonymous_2)
FN:68,(anonymous_3)
FNF:4
FNH:4
FNDA:6,(anonymous_0)
FNDA:2,(anonymous_1)
FNDA:4,(anonymous_2)
FNDA:1,(anonymous_3)
DA:5,7
DA:6,7
DA:8,7
DA:9,7
DA:11,7
DA:13,6
DA:14,6
DA:16,6
DA:17,6
DA:21,2
DA:27,2
DA:29,2
DA:33,4
DA:36,4
DA:38,4
DA:40,2
DA:43,2
DA:44,1
DA:55,1
DA:69,1
DA:70,1
LF:21
LH:21
BRDA:38,0,0,2
BRDA:43,1,0,1
BRDA:43,1,1,1
BRDA:48,2,0,1
BRDA:48,2,1,0
BRF:5
BRH:4
end_of_record
TN:
SF:server/src/linters/flexelint.ts
FN:14,(anonymous_0)
FN:23,(anonymous_1)
FN:41,(anonymous_2)
FN:52,(anonymous_3)
FN:66,(anonymous_4)
FN:101,(anonymous_5)
FNF:6
FNH:6
FNDA:10,(anonymous_0)
FNDA:2,(anonymous_1)
FNDA:7,(anonymous_2)
FNDA:7,(anonymous_3)
FNDA:16,(anonymous_4)
FNDA:10,(anonymous_5)
DA:5,7
DA:6,7
DA:7,7
DA:8,7
DA:10,7
DA:11,7
DA:13,7
DA:15,10
DA:16,10
DA:18,10
DA:19,10
DA:20,10
DA:24,2
DA:35,2
DA:36,1
DA:38,1
DA:39,0
DA:41,1
DA:42,7
DA:47,2
DA:49,2
DA:53,7
DA:54,7
DA:55,0
DA:56,0
DA:57,0
DA:58,7
DA:59,4
DA:63,7
DA:67,16
DA:70,16
DA:72,16
DA:74,5
DA:77,11
DA:78,10
DA:88,1
DA:102,10
DA:103,10
LF:38
LH:34
BRDA:35,0,0,1
BRDA:38,1,0,0
BRDA:38,1,1,1
BRDA:53,2,0,7
BRDA:54,3,0,0
BRDA:54,3,1,7
BRDA:54,4,0,7
BRDA:54,4,1,2
BRDA:54,4,2,7
BRDA:54,4,3,2
BRDA:58,5,0,4
BRDA:58,6,0,7
BRDA:58,6,1,5
BRDA:72,7,0,5
BRDA:77,8,0,10
BRDA:77,8,1,1
BRF:16
BRH:14
end_of_record
TN:
SF:server/src/linters/linter.ts
FN:26,(anonymous_7)
FN:102,(anonymous_8)
FN:295,(anonymous_9)
FN:306,(anonymous_10)
FN:332,(anonymous_11)
FN:336,(anonymous_12)
FNF:6
FNH:4
FNDA:7,(anonymous_7)
FNDA:52,(anonymous_8)
FNDA:0,(anonymous_9)
FNDA:0,(anonymous_10)
FNDA:16,(anonymous_11)
FNDA:142,(anonymous_12)
DA:6,7
DA:7,7
DA:8,7
DA:9,7
DA:12,7
DA:13,7
DA:16,7
DA:17,7
DA:24,7
DA:26,7
DA:27,7
DA:28,7
DA:29,7
DA:33,7
DA:44,7
DA:55,7
DA:87,7
DA:93,52
DA:94,52
DA:103,52
DA:104,52
DA:105,52
DA:106,52
DA:107,52
DA:108,52
DA:109,52
DA:110,52
DA:111,52
DA:112,52
DA:113,52
DA:296,0
DA:299,0
DA:303,0
DA:307,0
DA:309,0
DA:310,0
DA:311,0
DA:314,0
DA:320,0
DA:324,0
DA:333,16
DA:334,16
DA:336,16
DA:337,142
DA:338,30
DA:340,30
DA:341,29
DA:345,142
DA:346,142
DA:348,76
DA:349,0
DA:350,0
DA:351,0
DA:353,0
DA:357,76
DA:359,76
DA:361,58
DA:364,76
DA:368,16
DA:370,13
DA:373,16
LF:61
LH:47
BRDA:26,0,0,7
BRDA:26,0,1,7
BRDA:296,1,0,0
BRDA:296,1,1,0
BRDA:307,2,0,0
BRDA:309,3,0,0
BRDA:309,3,1,0
BRDA:310,4,0,0
BRDA:310,4,1,0
BRDA:311,5,0,0
BRDA:311,5,1,0
BRDA:337,6,0,30
BRDA:340,7,0,29
BRDA:346,8,0,76
BRDA:348,9,0,0
BRDA:349,10,0,0
BRDA:349,10,1,0
BRDA:359,11,0,58
BRDA:359,12,0,76
BRDA:359,12,1,58
BRDA:368,13,0,13
BRF:21
BRH:9
end_of_record
TN:
SF:server/src/linters/lizard.ts
FN:12,(anonymous_0)
FN:20,(anonymous_1)
FN:23,(anonymous_2)
FN:30,(anonymous_3)
FNF:4
FNH:3
FNDA:6,(anonymous_0)
FNDA:2,(anonymous_1)
FNDA:0,(anonymous_2)
FNDA:6,(anonymous_3)
DA:6,7
DA:8,7
DA:9,7
DA:11,7
DA:13,6
DA:14,6
DA:16,6
DA:17,6
DA:21,2
DA:23,0
DA:25,2
DA:27,2
DA:31,6
DA:33,6
DA:35,6
DA:37,1
DA:40,5
DA:41,4
DA:51,1
LF:19
LH:18
BRDA:23,0,0,2
BRDA:23,0,1,2
BRDA:23,1,0,0
BRDA:23,1,1,0
BRDA:35,2,0,1
BRDA:40,3,0,4
BRDA:40,3,1,1
BRF:7
BRH:5
end_of_record
TN:
SF:server/src/linters/pclintplus.ts
FN:22,(anonymous_0)
FN:31,(anonymous_1)
FN:49,(anonymous_2)
FN:60,(anonymous_3)
FN:71,(anonymous_4)
FN:124,(anonymous_5)
FN:135,(anonymous_6)
FNF:7
FNH:7
FNDA:9,(anonymous_0)
FNDA:2,(anonymous_1)
FNDA:7,(anonymous_2)
FNDA:44,(anonymous_3)
FNDA:51,(anonymous_4)
FNDA:33,(anonymous_5)
FNDA:33,(anonymous_6)
DA:5,7
DA:6,7
DA:7,7
DA:8,7
DA:10,7
DA:11,7
DA:19,7
DA:20,9
DA:23,9
DA:24,9
DA:26,9
DA:27,9
DA:28,9
DA:32,2
DA:43,2
DA:44,1
DA:46,1
DA:47,0
DA:49,1
DA:50,7
DA:55,2
DA:57,2
DA:61,44
DA:64,44
DA:65,44
DA:67,10
DA:70,34
DA:71,51
DA:72,9
DA:73,3
DA:74,3
DA:75,3
DA:77,6
DA:78,6
DA:79,6
DA:81,9
DA:91,24
DA:92,0
DA:93,0
DA:94,0
DA:96,24
DA:97,24
DA:98,24
DA:100,24
DA:111,1
DA:125,33
DA:127,33
DA:128,1
DA:132,33
DA:136,33
DA:137,33
LF:51
LH:47
BRDA:43,0,0,1
BRDA:46,1,0,0
BRDA:46,1,1,1
BRDA:65,2,0,10
BRDA:70,3,0,33
BRDA:70,3,1,1
BRDA:71,4,0,9
BRDA:71,4,1,24
BRDA:72,5,0,3
BRDA:72,5,1,6
BRDA:91,6,0,0
BRDA:91,6,1,24
BRDA:125,7,0,33
BRDA:127,8,0,1
BRF:14
BRH:12
end_of_record
